<?xml version="1.0" encoding="UTF-8"?>
<!-- Generated by org.testng.reporters.JUnitReportReporter -->
<testsuite skipped="0" hostname="DESKTOP-OA49K1O" name="mavenstudy.Mavenjava.RESRAPITest" tests="2" failures="0" timestamp="2020-05-06T16:15:42 IST" time="0.178" errors="0">
  <testcase name="postJira" time="0.002" classname="mavenstudy.Mavenjava.RESRAPITest"/>
  <system-out/>
  <testcase name="deleteTwitter" time="0.176" classname="mavenstudy.Mavenjava.RESRAPITest"/>
  <system-out/>
</testsuite> <!-- mavenstudy.Mavenjava.RESRAPITest -->
