<?xml version="1.0" encoding="UTF-8"?>
<!-- Generated by org.testng.reporters.JUnitReportReporter -->
<testsuite skipped="0" hostname="DESKTOP-OA49K1O" name="mavenstudy.Mavenjava.AppiumTest" tests="2" failures="0" timestamp="2020-05-06T16:15:42 IST" time="0.008" errors="0">
  <testcase name="iosApps" time="0.006" classname="mavenstudy.Mavenjava.AppiumTest"/>
  <system-out/>
  <testcase name="naiveAppAndroid" time="0.002" classname="mavenstudy.Mavenjava.AppiumTest"/>
  <system-out/>
</testsuite> <!-- mavenstudy.Mavenjava.AppiumTest -->
