<?xml version="1.0" encoding="UTF-8"?>
<!-- Generated by org.testng.reporters.JUnitReportReporter -->
<testsuite skipped="0" hostname="DESKTOP-OA49K1O" name="mavenstudy.Mavenjava.SeleniumTest" tests="2" failures="0" timestamp="2020-05-06T15:56:49 IST" time="0.000" errors="0">
  <testcase name="elementUI" time="0.000" classname="mavenstudy.Mavenjava.SeleniumTest"/>
  <system-out/>
  <testcase name="browserAutomation" time="0.000" classname="mavenstudy.Mavenjava.SeleniumTest"/>
  <system-out/>
</testsuite> <!-- mavenstudy.Mavenjava.SeleniumTest -->
